<?xml version="1.0" encoding="UTF-8"?>
<testng-results skipped="0" failed="0" ignored="2" total="5" passed="3">
  <reporter-output>
  </reporter-output>
  <suite name="Suite" duration-ms="5424" started-at="2021-12-14T13:08:52Z" finished-at="2021-12-14T13:08:57Z">
    <groups>
    </groups>
    <test name="Test" duration-ms="5424" started-at="2021-12-14T13:08:52Z" finished-at="2021-12-14T13:08:57Z">
      <class name="test.LoginPageTest">
        <test-method status="PASS" signature="setup()[pri:0, instance:test.LoginPageTest@7e0e6aa2]" name="setup" is-config="true" duration-ms="767" started-at="2021-12-14T13:08:54Z" finished-at="2021-12-14T13:08:55Z">
          <reporter-output>
          </reporter-output>
        </test-method> <!-- setup -->
        <test-method status="PASS" signature="LoginTest(java.lang.String, java.lang.String)[pri:0, instance:test.LoginPageTest@7e0e6aa2]" name="LoginTest" duration-ms="496" started-at="2021-12-14T13:08:55Z" finished-at="2021-12-14T13:08:55Z">
          <params>
            <param index="0">
              <value>
                <![CDATA[abc@gmail.com]]>
              </value>
            </param>
            <param index="1">
              <value>
                <![CDATA[123]]>
              </value>
            </param>
          </params>
          <reporter-output>
          </reporter-output>
        </test-method> <!-- LoginTest -->
        <test-method status="PASS" signature="teardown()[pri:0, instance:test.LoginPageTest@7e0e6aa2]" name="teardown" is-config="true" duration-ms="68" started-at="2021-12-14T13:08:55Z" finished-at="2021-12-14T13:08:55Z">
          <reporter-output>
          </reporter-output>
        </test-method> <!-- teardown -->
      </class> <!-- test.LoginPageTest -->
      <class name="test.SignUpPageTest">
        <test-method status="PASS" signature="ReportSetup()[pri:0, instance:test.SignUpPageTest@12c8a2c0]" name="ReportSetup" is-config="true" duration-ms="79" started-at="2021-12-14T13:08:52Z" finished-at="2021-12-14T13:08:52Z">
          <reporter-output>
          </reporter-output>
        </test-method> <!-- ReportSetup -->
        <test-method status="PASS" signature="setup()[pri:0, instance:test.SignUpPageTest@12c8a2c0]" name="setup" is-config="true" duration-ms="1027" started-at="2021-12-14T13:08:52Z" finished-at="2021-12-14T13:08:53Z">
          <reporter-output>
          </reporter-output>
        </test-method> <!-- setup -->
        <test-method status="PASS" signature="signupTest(java.lang.String, java.lang.String, java.lang.String, java.lang.String, java.lang.String, java.lang.String)[pri:0, instance:test.SignUpPageTest@12c8a2c0]" name="signupTest" duration-ms="897" started-at="2021-12-14T13:08:53Z" finished-at="2021-12-14T13:08:54Z">
          <params>
            <param index="0">
              <value>
                <![CDATA[abc@gmail.com]]>
              </value>
            </param>
            <param index="1">
              <value>
                <![CDATA[123]]>
              </value>
            </param>
            <param index="2">
              <value>
                <![CDATA[ashvini]]>
              </value>
            </param>
            <param index="3">
              <value>
                <![CDATA[kunchala]]>
              </value>
            </param>
            <param index="4">
              <value>
                <![CDATA[23]]>
              </value>
            </param>
            <param index="5">
              <value>
                <![CDATA[Bangalore]]>
              </value>
            </param>
          </params>
          <reporter-output>
          </reporter-output>
        </test-method> <!-- signupTest -->
        <test-method status="PASS" signature="teardown()[pri:0, instance:test.SignUpPageTest@12c8a2c0]" name="teardown" is-config="true" duration-ms="67" started-at="2021-12-14T13:08:54Z" finished-at="2021-12-14T13:08:54Z">
          <reporter-output>
          </reporter-output>
        </test-method> <!-- teardown -->
      </class> <!-- test.SignUpPageTest -->
      <class name="test.AfterLoginTest">
        <test-method status="PASS" signature="setup()[pri:0, instance:test.AfterLoginTest@365185bd]" name="setup" is-config="true" duration-ms="909" started-at="2021-12-14T13:08:55Z" finished-at="2021-12-14T13:08:56Z">
          <reporter-output>
          </reporter-output>
        </test-method> <!-- setup -->
        <test-method status="PASS" signature="afterLogin(java.lang.String, java.lang.String)[pri:0, instance:test.AfterLoginTest@365185bd]" name="afterLogin" duration-ms="1026" started-at="2021-12-14T13:08:56Z" finished-at="2021-12-14T13:08:57Z">
          <params>
            <param index="0">
              <value>
                <![CDATA[abc@gmail.com]]>
              </value>
            </param>
            <param index="1">
              <value>
                <![CDATA[123]]>
              </value>
            </param>
          </params>
          <reporter-output>
          </reporter-output>
        </test-method> <!-- afterLogin -->
        <test-method status="PASS" signature="teardown()[pri:0, instance:test.AfterLoginTest@365185bd]" name="teardown" is-config="true" duration-ms="70" started-at="2021-12-14T13:08:57Z" finished-at="2021-12-14T13:08:57Z">
          <reporter-output>
          </reporter-output>
        </test-method> <!-- teardown -->
      </class> <!-- test.AfterLoginTest -->
    </test> <!-- Test -->
  </suite> <!-- Suite -->
</testng-results>
